{
  "stats": {
    "suites": 1,
    "tests": 1,
    "passes": 1,
    "pending": 0,
    "failures": 0,
    "start": "2021-07-06T16:45:47.693Z",
    "end": "2021-07-06T16:46:02.279Z",
    "duration": 14586,
    "testsRegistered": 1,
    "passPercent": 100,
    "pendingPercent": 0,
    "other": 0,
    "hasOther": false,
    "skipped": 0,
    "hasSkipped": false
  },
  "results": [
    {
      "uuid": "af81aed8-3ce5-4180-b3e3-816257f098a3",
      "title": "",
      "fullFile": "cypress/integration/cadastrarUsuario.spec.js",
      "file": "cypress/integration/cadastrarUsuario.spec.js",
      "beforeHooks": [],
      "afterHooks": [],
      "tests": [],
      "suites": [
        {
          "uuid": "b8ccc1eb-f2a2-49a9-99cc-e213fe32e3cf",
          "title": "Tela de cadastro",
          "fullFile": "",
          "file": "",
          "beforeHooks": [],
          "afterHooks": [],
          "tests": [
            {
              "title": "Cadastrar novo usuário",
              "fullTitle": "Tela de cadastro Cadastrar novo usuário",
              "timedOut": null,
              "duration": 14501,
              "state": "passed",
              "speed": "slow",
              "pass": true,
              "fail": false,
              "pending": false,
              "context": null,
              "code": "cy.visit('index.php');\ncy.get('.login').click();\ncy.get('#email_create').type(chance.email());\ncy.get('#SubmitCreate').click();\ncy.get('.radio#uniform-id_gender1').click();\ncy.get('#customer_firstname').type(chance.first());\ncy.get('#customer_lastname').type(chance.last());\ncy.get('#passwd').type('Senha1@2021');\ncy.get('#days').select('10');\ncy.get('#months').select('10');\ncy.get('#years').select('1981');\ncy.get('#newsletter').check();\ncy.get('#optin').check();\ncy.get('#company').type(chance.company());\ncy.get('#address1').type(chance.address());\ncy.get('#city').type(chance.city());\ncy.get('#id_country').select('United States');\ncy.get('#id_state').select('California');\ncy.get('#postcode').type(chance.zip());\ncy.get('#phone_mobile').type(chance.phone({\n  country: 'us',\n  mobile: true\n}));\ncy.get('#submitAccount').click();\ncy.get('.info-account').should('contain.text', 'Welcome to your account');\ncy.url().should('include', 'controller=my-account');",
              "err": {},
              "uuid": "47d2189a-2f55-4691-b749-43cf7d7efe7d",
              "parentUUID": "b8ccc1eb-f2a2-49a9-99cc-e213fe32e3cf",
              "isHook": false,
              "skipped": false
            }
          ],
          "suites": [],
          "passes": [
            "47d2189a-2f55-4691-b749-43cf7d7efe7d"
          ],
          "failures": [],
          "pending": [],
          "skipped": [],
          "duration": 14501,
          "root": false,
          "rootEmpty": false,
          "_timeout": 2000
        }
      ],
      "passes": [],
      "failures": [],
      "pending": [],
      "skipped": [],
      "duration": 0,
      "root": true,
      "rootEmpty": true,
      "_timeout": 2000
    }
  ],
  "meta": {
    "mocha": {
      "version": "7.0.1"
    },
    "mochawesome": {
      "options": {
        "quiet": true,
        "reportFilename": "mochawesome",
        "saveHtml": false,
        "saveJson": true,
        "consoleReporter": "spec",
        "useInlineDiffs": false,
        "code": true
      },
      "version": "6.2.2"
    },
    "marge": {
      "options": {
        "id": "default",
        "reportDir": "mochawesome-report",
        "reportPageTitle": "Report Cypress",
        "quiet": true,
        "overwrite": false,
        "html": false,
        "json": true
      },
      "version": "5.2.0"
    }
  }
}